<?xml version="1.0" encoding="UTF-8"?>
<testng-results ignored="0" total="1" passed="1" failed="0" skipped="0">
  <reporter-output>
  </reporter-output>
  <suite started-at="2023-02-12T16:27:37 IST" name="Default suite" finished-at="2023-02-12T16:29:58 IST" duration-ms="140944">
    <groups>
    </groups>
    <test started-at="2023-02-12T16:27:37 IST" name="Default test" finished-at="2023-02-12T16:29:58 IST" duration-ms="140944">
      <class name="phase4project.FlipkartPhase4Project">
        <test-method is-config="true" signature="launchApplication()[pri:0, instance:phase4project.FlipkartPhase4Project@4dbb42b7]" started-at="2023-02-12T16:27:37 IST" name="launchApplication" finished-at="2023-02-12T16:28:01 IST" duration-ms="24082" status="PASS">
          <reporter-output>
          </reporter-output>
        </test-method> <!-- launchApplication -->
        <test-method signature="searchProduct()[pri:0, instance:phase4project.FlipkartPhase4Project@4dbb42b7]" started-at="2023-02-12T16:28:02 IST" name="searchProduct" finished-at="2023-02-12T16:29:57 IST" duration-ms="115077" status="PASS">
          <reporter-output>
          </reporter-output>
        </test-method> <!-- searchProduct -->
        <test-method is-config="true" signature="tearDown()[pri:0, instance:phase4project.FlipkartPhase4Project@4dbb42b7]" started-at="2023-02-12T16:29:57 IST" name="tearDown" finished-at="2023-02-12T16:29:58 IST" duration-ms="1678" status="PASS">
          <reporter-output>
          </reporter-output>
        </test-method> <!-- tearDown -->
      </class> <!-- phase4project.FlipkartPhase4Project -->
    </test> <!-- Default test -->
  </suite> <!-- Default suite -->
</testng-results>
